TN:
SF:apps/app_api/src/features/users/shared/user.response.ts
FN:39,toUserResponse
FNF:1
FNH:1
FNDA:7,toUserResponse
DA:1,5
DA:2,5
DA:7,5
DA:9,5
DA:12,5
DA:15,5
DA:18,5
DA:21,5
DA:24,5
DA:27,5
DA:30,5
DA:33,5
DA:39,5
DA:40,7
DA:56,5
DA:58,5
DA:61,5
DA:64,5
DA:67,5
DA:70,5
LF:20
LH:20
BRDA:44,0,0,7
BRDA:44,0,1,4
BRDA:47,1,0,7
BRDA:47,1,1,0
BRF:4
BRH:3
end_of_record
TN:
SF:apps/app_api/src/features/users/use-cases/change-role/change-role.handler.ts
FN:8,(anonymous_4)
FN:13,(anonymous_5)
FNF:2
FNH:2
FNDA:3,(anonymous_4)
FNDA:3,(anonymous_5)
DA:1,1
DA:2,1
DA:3,1
DA:7,1
DA:10,3
DA:14,3
DA:15,3
DA:16,1
DA:19,2
DA:21,2
DA:22,1
LF:11
LH:11
BRDA:15,0,0,1
BRF:1
BRH:1
end_of_record
TN:
SF:apps/app_api/src/features/users/use-cases/create-user/create-user.handler.ts
FN:9,(anonymous_4)
FN:14,(anonymous_5)
FNF:2
FNH:2
FNDA:6,(anonymous_4)
FNDA:6,(anonymous_5)
DA:1,1
DA:2,1
DA:3,1
DA:4,1
DA:8,1
DA:11,6
DA:16,6
DA:17,1
DA:20,5
DA:21,1
DA:25,4
DA:26,1
DA:30,3
DA:31,1
DA:35,2
DA:45,2
DA:47,1
LF:17
LH:17
BRDA:16,0,0,1
BRDA:16,1,0,6
BRDA:16,1,1,6
BRDA:20,2,0,1
BRDA:20,3,0,5
BRDA:20,3,1,4
BRDA:25,4,0,1
BRDA:30,5,0,1
BRDA:30,6,0,3
BRDA:30,6,1,3
BRF:10
BRH:10
end_of_record
TN:
SF:apps/app_api/src/features/users/use-cases/delete-user/delete-user.handler.ts
FN:6,(anonymous_4)
FN:11,(anonymous_5)
FNF:2
FNH:2
FNDA:3,(anonymous_4)
FNDA:3,(anonymous_5)
DA:1,1
DA:2,1
DA:5,1
DA:8,3
DA:12,3
DA:13,1
DA:15,2
LF:7
LH:7
BRDA:12,0,0,1
BRF:1
BRH:1
end_of_record
TN:
SF:apps/app_api/src/features/users/use-cases/get-user/get-user.handler.ts
FN:7,(anonymous_4)
FN:12,(anonymous_5)
FNF:2
FNH:2
FNDA:4,(anonymous_4)
FNDA:4,(anonymous_5)
DA:1,1
DA:2,1
DA:3,1
DA:6,1
DA:9,4
DA:13,4
DA:14,3
LF:7
LH:7
BRDA:14,0,0,2
BRDA:14,0,1,1
BRF:2
BRH:2
end_of_record
TN:
SF:apps/app_api/src/features/users/use-cases/google-login/google-login.handler.ts
FN:9,(anonymous_4)
FN:14,(anonymous_5)
FNF:2
FNH:2
FNDA:7,(anonymous_4)
FNDA:7,(anonymous_5)
DA:1,1
DA:2,1
DA:3,1
DA:4,1
DA:5,1
DA:8,1
DA:10,7
DA:11,7
DA:16,7
DA:18,6
DA:20,3
DA:27,3
DA:31,5
DA:32,4
DA:34,4
LF:15
LH:15
BRDA:18,0,0,3
BRF:1
BRH:1
end_of_record
TN:
SF:apps/app_api/src/features/users/use-cases/import-student/import-finished.processor.ts
FN:10,(anonymous_4)
FN:13,(anonymous_5)
FNF:2
FNH:0
FNDA:0,(anonymous_4)
FNDA:0,(anonymous_5)
DA:1,0
DA:2,0
DA:3,0
DA:4,0
DA:7,0
DA:8,0
DA:10,0
DA:13,0
DA:17,0
DA:18,0
DA:20,0
DA:23,0
DA:30,0
DA:33,0
LF:14
LH:0
BRF:0
BRH:0
end_of_record
TN:
SF:apps/app_api/src/features/users/use-cases/import-student/import-student.handler.ts
FN:9,(anonymous_4)
FN:14,(anonymous_5)
FNF:2
FNH:2
FNDA:2,(anonymous_4)
FNDA:2,(anonymous_5)
DA:1,1
DA:2,1
DA:3,1
DA:6,1
DA:7,2
DA:11,2
DA:15,2
DA:17,2
DA:25,2
DA:27,1
LF:10
LH:10
BRF:0
BRH:0
end_of_record
TN:
SF:apps/app_api/src/features/users/use-cases/list-users/list-users.handler.ts
FN:8,(anonymous_4)
FN:13,(anonymous_5)
FN:23,(anonymous_6)
FNF:3
FNH:3
FNDA:3,(anonymous_4)
FNDA:3,(anonymous_5)
FNDA:1,(anonymous_6)
DA:1,1
DA:2,1
DA:3,1
DA:7,1
DA:10,3
DA:14,3
DA:22,3
DA:23,1
LF:8
LH:8
BRDA:15,0,0,3
BRDA:15,0,1,1
BRDA:16,1,0,3
BRDA:16,1,1,1
BRF:4
BRH:4
end_of_record
TN:
SF:apps/app_api/src/features/users/use-cases/logout/logout.handler.ts
FN:7,(anonymous_2)
FN:9,(anonymous_3)
FNF:2
FNH:2
FNDA:1,(anonymous_2)
FNDA:1,(anonymous_3)
DA:1,1
DA:3,1
DA:6,1
DA:7,1
DA:10,1
LF:5
LH:5
BRF:0
BRH:0
end_of_record
TN:
SF:apps/app_api/src/features/users/use-cases/refresh-token/refresh-token.handler.ts
FN:7,(anonymous_4)
FN:12,(anonymous_5)
FNF:2
FNH:2
FNDA:3,(anonymous_4)
FNDA:3,(anonymous_5)
DA:1,1
DA:2,1
DA:3,1
DA:6,1
DA:8,3
DA:9,3
DA:14,3
DA:15,3
DA:16,1
DA:20,2
DA:21,1
DA:23,1
LF:12
LH:12
BRDA:15,0,0,1
BRF:1
BRH:1
end_of_record
TN:
SF:apps/app_api/src/features/users/use-cases/test-token/test-token.handler.ts
FN:7,(anonymous_2)
FN:9,(anonymous_3)
FNF:2
FNH:2
FNDA:2,(anonymous_2)
FNDA:2,(anonymous_3)
DA:1,1
DA:2,1
DA:6,1
DA:7,2
DA:10,2
DA:11,2
DA:12,2
DA:14,2
LF:8
LH:8
BRDA:10,0,0,2
BRDA:10,0,1,1
BRF:2
BRH:2
end_of_record
TN:
SF:apps/app_api/src/features/users/use-cases/update-user/update-user.handler.ts
FN:8,(anonymous_4)
FN:13,(anonymous_5)
FNF:2
FNH:2
FNDA:4,(anonymous_4)
FNDA:4,(anonymous_5)
DA:1,1
DA:2,1
DA:3,1
DA:7,1
DA:10,4
DA:14,4
DA:15,4
DA:16,1
DA:19,3
DA:20,1
DA:23,2
DA:29,2
DA:30,2
LF:13
LH:13
BRDA:15,0,0,1
BRDA:19,1,0,1
BRDA:19,2,0,3
BRDA:19,2,1,2
BRF:4
BRH:4
end_of_record
TN:
SF:libs/queue/src/queue.constants.ts
FNF:0
FNH:0
DA:4,1
DA:15,1
DA:28,1
DA:51,1
LF:4
LH:4
BRF:0
BRH:0
end_of_record
TN:
SF:libs/users/src/domain/value-objects/email.vo.ts
FN:8,(anonymous_0)
FN:10,(anonymous_1)
FN:17,(anonymous_2)
FN:38,(anonymous_3)
FN:45,(anonymous_4)
FN:49,(anonymous_5)
FNF:6
FNH:6
FNDA:19,(anonymous_0)
FNDA:12,(anonymous_1)
FNDA:23,(anonymous_2)
FNDA:1,(anonymous_3)
FNDA:2,(anonymous_4)
FNDA:1,(anonymous_5)
DA:5,11
DA:6,11
DA:8,19
DA:11,12
DA:18,23
DA:19,2
DA:22,21
DA:24,21
DA:25,2
DA:28,19
DA:29,1
DA:32,18
DA:39,1
DA:46,2
DA:50,1
LF:15
LH:15
BRDA:18,0,0,2
BRDA:18,1,0,23
BRDA:18,1,1,22
BRDA:24,2,0,2
BRDA:28,3,0,1
BRF:5
BRH:5
end_of_record
TN:
SF:libs/users/src/domain/value-objects/role.vo.ts
FN:4,(anonymous_0)
FN:12,(anonymous_1)
FN:14,(anonymous_2)
FN:18,(anonymous_3)
FN:25,(anonymous_4)
FN:33,(anonymous_5)
FN:37,(anonymous_6)
FN:41,(anonymous_7)
FN:45,(anonymous_8)
FN:49,(anonymous_9)
FN:53,(anonymous_10)
FN:57,(anonymous_11)
FNF:12
FNH:10
FNDA:11,(anonymous_0)
FNDA:23,(anonymous_1)
FNDA:15,(anonymous_2)
FNDA:23,(anonymous_3)
FNDA:2,(anonymous_4)
FNDA:2,(anonymous_5)
FNDA:5,(anonymous_6)
FNDA:2,(anonymous_7)
FNDA:0,(anonymous_8)
FNDA:2,(anonymous_9)
FNDA:3,(anonymous_10)
FNDA:0,(anonymous_11)
DA:4,11
DA:5,11
DA:6,11
DA:7,11
DA:8,11
DA:11,11
DA:12,23
DA:15,15
DA:19,23
DA:20,1
DA:22,22
DA:26,2
DA:27,2
DA:28,1
DA:30,1
DA:34,2
DA:38,5
DA:42,2
DA:46,0
DA:50,2
DA:54,3
DA:58,0
LF:22
LH:20
BRDA:4,0,0,11
BRDA:4,0,1,11
BRDA:19,1,0,1
BRDA:27,2,0,1
BRDA:54,3,0,3
BRDA:54,3,1,2
BRF:6
BRH:6
end_of_record
TN:
SF:libs/users/src/domain/value-objects/user-code.vo.ts
FN:6,(anonymous_0)
FN:8,(anonymous_1)
FN:12,(anonymous_2)
FN:26,(anonymous_3)
FN:30,(anonymous_4)
FN:34,(anonymous_5)
FNF:6
FNH:5
FNDA:9,(anonymous_0)
FNDA:5,(anonymous_1)
FNDA:11,(anonymous_2)
FNDA:1,(anonymous_3)
FNDA:2,(anonymous_4)
FNDA:0,(anonymous_5)
DA:5,11
DA:6,9
DA:9,5
DA:13,11
DA:14,1
DA:17,10
DA:19,10
DA:20,2
DA:23,8
DA:27,1
DA:31,2
DA:35,0
LF:12
LH:11
BRDA:13,0,0,1
BRDA:13,1,0,11
BRDA:13,1,1,10
BRDA:19,2,0,2
BRDA:19,3,0,10
BRDA:19,3,1,9
BRF:6
BRH:6
end_of_record
TN:
SF:libs/users/src/infrastructure/token.service.ts
FN:8,(anonymous_2)
FN:13,(anonymous_3)
FN:23,(anonymous_4)
FN:33,(anonymous_5)
FN:51,(anonymous_6)
FNF:5
FNH:5
FNDA:4,(anonymous_2)
FNDA:1,(anonymous_3)
FNDA:1,(anonymous_4)
FNDA:1,(anonymous_5)
FNDA:1,(anonymous_6)
DA:1,11
DA:2,11
DA:3,11
DA:7,11
DA:9,4
DA:10,4
DA:14,1
DA:24,1
DA:34,1
DA:36,1
DA:43,1
DA:52,1
DA:53,1
LF:13
LH:13
BRDA:39,0,0,0
BRDA:39,0,1,1
BRDA:46,1,0,0
BRDA:46,1,1,1
BRF:4
BRH:2
end_of_record
